PLINK v2.00a4 M1 (25 Mar 2023)
Options in effect:
  --adjust
  --allow-extra-chr
  --covar-variance-standardize
  --freq
  --glm allow-no-covars
  --memory 100000
  --out ../results/plink_glm/complex_glm_gen_result
  --pgen ./inputs/complex_trait.bed
  --pheno ../Raw_data/phenotypes_complex_trait_gen.tsv
  --psam ./inputs/complex_trait.fam
  --pvar ./inputs/complex_trait.bim
  --threads 32

Hostname: MacBook-Pro.local
Working directory: /Users/iskys/GIT/GWAS_project/plink_glm
Start time: Wed Jun  7 13:18:44 2023

Random number seed: 1686133124
16384 MiB RAM detected; reserving 100000 MiB for main workspace.
Using up to 32 threads (change this with --threads).
97 samples (0 females, 0 males, 97 ambiguous; 97 founders) loaded from
./inputs/complex_trait.fam.
31366 variants loaded from ./inputs/complex_trait.bim.
2 quantitative phenotypes loaded.
--covar-variance-standardize: No covariates affected.
Calculating allele frequencies... done.
--freq: Allele frequencies (founders only) written to
../results/plink_glm/complex_glm_gen_result.afreq .
--glm linear regression on phenotype 'PHENO1': done.
Results written to ../results/plink_glm/complex_glm_gen_result.PHENO1.glm.linear .
--adjust: Genomic inflation est. lambda (based on median chisq) = 1.41053.
--adjust values (31322 tests) written to
../results/plink_glm/complex_glm_gen_result.PHENO1.glm.linear.adjusted .
--glm linear regression on phenotype 'gen_pheno': done.
Results written to ../results/plink_glm/complex_glm_gen_result.gen_pheno.glm.linear .
--adjust: Genomic inflation est. lambda (based on median chisq) = 1.20796.
--adjust values (31322 tests) written to
../results/plink_glm/complex_glm_gen_result.gen_pheno.glm.linear.adjusted .

End time: Wed Jun  7 13:18:44 2023
