PLINK v2.00a3.3LM 64-bit Intel (3 Jun 2022)
Options in effect:
  --allow-extra-chr
  --make-bed
  --out sesame_complicated_genotypes
  --vcf sesame_complicated_genotypes.vcf.gz

Hostname: DESKTOP-8O1IDDB
Working directory: /root/IB/GWAS_progect/Raw data
Start time: Tue Feb 21 13:00:17 2023

Random number seed: 1676973617
7817 MiB RAM detected; reserving 3908 MiB for main workspace.
Using up to 8 compute threads.
--vcf: 84148 variants scanned.
--vcf: sesame_complicated_genotypes-temporary.pgen +
sesame_complicated_genotypes-temporary.pvar.zst +
sesame_complicated_genotypes-temporary.psam written.
184 samples (0 females, 0 males, 184 ambiguous; 184 founders) loaded from
sesame_complicated_genotypes-temporary.psam.
84148 variants loaded from sesame_complicated_genotypes-temporary.pvar.zst.
Note: No phenotype data present.
Writing sesame_complicated_genotypes.fam ... done.
Writing sesame_complicated_genotypes.bim ... done.
Writing sesame_complicated_genotypes.bed ... done.

End time: Tue Feb 21 13:00:18 2023
