PLINK v1.90b6.22 64-bit (3 Nov 2020)
Options in effect:
  --double-id
  --make-bed
  --out sesame_complicated_genotypes_phen_recode1.9
  --pheno sesame_phenotypes_fast.txt
  --vcf sesame_complicated_genotypes_processed.vcf

Hostname: DESKTOP-8KVIEQA
Working directory: /home/maria
Start time: Thu Mar 16 00:35:53 2023

Random number seed: 1678916153
6239 MB RAM detected; reserving 3119 MB for main workspace.
--vcf: sesame_complicated_genotypes_phen_recode1.9-temporary.bed +
sesame_complicated_genotypes_phen_recode1.9-temporary.bim +
sesame_complicated_genotypes_phen_recode1.9-temporary.fam written.
84148 variants loaded from .bim file.
184 people (0 males, 0 females, 184 ambiguous) loaded from .fam.
Ambiguous sex IDs written to sesame_complicated_genotypes_phen_recode1.9.nosex
.
184 phenotype values present after --pheno.
Warning: Ignoring phenotypes of missing-sex samples.  If you don't want those
phenotypes to be ignored, use the --allow-no-sex flag.
Using 1 thread (no multithreaded calculations invoked).
Before main variant filters, 184 founders and 0 nonfounders present.
Calculating allele frequencies... done.
Total genotyping rate is 0.524497.
84148 variants and 184 people pass filters and QC.
Phenotype data is quantitative.
--make-bed to sesame_complicated_genotypes_phen_recode1.9.bed +
sesame_complicated_genotypes_phen_recode1.9.bim +
sesame_complicated_genotypes_phen_recode1.9.fam ... done.

End time: Thu Mar 16 00:35:54 2023
