PLINK v1.90b6.22 64-bit (3 Nov 2020)
Options in effect:
  --double-id
  --make-bed
  --out soybean_simple_genotypes_phen_recode1.9
  --pheno no-tab_soy_phenotypes_leu_fast_processed_mm.txt
  --vcf soybean_genotypes.recode_proc_chrom.vcf

Hostname: DESKTOP-8KVIEQA
Working directory: /home/maria
Start time: Thu Mar  9 17:08:28 2023

Random number seed: 1678370908
6239 MB RAM detected; reserving 3119 MB for main workspace.
--vcf: soybean_simple_genotypes_phen_recode1.9-temporary.bed +
soybean_simple_genotypes_phen_recode1.9-temporary.bim +
soybean_simple_genotypes_phen_recode1.9-temporary.fam written.
23278 variants loaded from .bim file.
240 people (0 males, 0 females, 240 ambiguous) loaded from .fam.
Ambiguous sex IDs written to soybean_simple_genotypes_phen_recode1.9.nosex .
239 phenotype values present after --pheno.
Warning: Ignoring phenotypes of missing-sex samples.  If you don't want those
phenotypes to be ignored, use the --allow-no-sex flag.
Using 1 thread (no multithreaded calculations invoked).
Before main variant filters, 240 founders and 0 nonfounders present.
Calculating allele frequencies... done.
Total genotyping rate is 0.99555.
23278 variants and 240 people pass filters and QC.
Phenotype data is quantitative.
--make-bed to soybean_simple_genotypes_phen_recode1.9.bed +
soybean_simple_genotypes_phen_recode1.9.bim +
soybean_simple_genotypes_phen_recode1.9.fam ... done.

End time: Thu Mar  9 17:08:28 2023
