PLINK v2.00a3.3LM 64-bit Intel (3 Jun 2022)
Options in effect:
  --allow-extra-chr
  --make-bed
  --out soybean_simpe_genotypes
  --vcf soybean_simple_genotypes.vcf.gz

Hostname: DESKTOP-8O1IDDB
Working directory: /root/IB/GWAS_progect/Raw data
Start time: Tue Feb 21 12:59:53 2023

Random number seed: 1676973593
7817 MiB RAM detected; reserving 3908 MiB for main workspace.
Using up to 8 compute threads.
--vcf: 23278 variants scanned.
--vcf: soybean_simpe_genotypes-temporary.pgen +
soybean_simpe_genotypes-temporary.pvar.zst +
soybean_simpe_genotypes-temporary.psam written.
249 samples (0 females, 0 males, 249 ambiguous; 249 founders) loaded from
soybean_simpe_genotypes-temporary.psam.
23278 variants loaded from soybean_simpe_genotypes-temporary.pvar.zst.
Note: No phenotype data present.
Writing soybean_simpe_genotypes.fam ... done.
Writing soybean_simpe_genotypes.bim ... done.
Writing soybean_simpe_genotypes.bed ... done.

End time: Tue Feb 21 12:59:53 2023
